<?xml version="1.0" encoding="UTF-8"?>
<testsuite xmlns:xsi="http://www.w3.org/2001/XMLSchema-instance" xsi:noNamespaceSchemaLocation="https://maven.apache.org/surefire/maven-surefire-plugin/xsd/surefire-test-report-3.0.xsd" version="3.0" name="com.tempolux.catalog.WatchControllerTest" time="1.891" tests="3" errors="0" skipped="0" failures="0">
  <properties>
[...]
</properties>
  <testcase name="returnsTheFullCatalog" classname="com.tempolux.catalog.WatchControllerTest" time="0.647">
    <system-out><![CDATA[00:13:22.492 [main] INFO org.springframework.test.context.support.AnnotationConfigContextLoaderUtils -- Could not detect default configuration classes for test class [com.tempolux.catalog.WatchControllerTest]: WatchControllerTest does not declare any static, non-private, non-final, nested classes annotated with @Configuration.
00:13:22.592 [main] INFO org.springframework.boot.test.context.SpringBootTestContextBootstrapper -- Found @SpringBootConfiguration com.tempolux.TempoLuxApiApplication for test class com.tempolux.catalog.WatchControllerTest

  .   ____          _            __ _ _
 /\\ / ___'_ __ _ _(_)_ __  __ _ \ \ \ \
( ( )\___ | '_ | '_| | '_ \/ _` | \ \ \ \
 \\/  ___)| |_)| | | | | || (_| |  ) ) ) )
  '  |____| .__|_| |_|_| |_\__, | / / / /
 =========|_|==============|___/=/_/_/_/

 :: Spring Boot ::                (v3.3.6)

2026-05-20T00:13:22.876+02:00  INFO 27652 --- [           main] c.tempolux.catalog.WatchControllerTest   : Starting WatchControllerTest using Java 21.0.2 with PID 27652 (started by Adrian in C:\Users\Adrian\Documents\GitHub\PROJECTS\TempoLux\backend)
2026-05-20T00:13:22.881+02:00  INFO 27652 --- [           main] c.tempolux.catalog.WatchControllerTest   : No active profile set, falling back to 1 default profile: "default"
2026-05-20T00:13:23.554+02:00  INFO 27652 --- [           main] o.s.b.t.m.w.SpringBootMockServletContext : Initializing Spring TestDispatcherServlet ''
2026-05-20T00:13:23.554+02:00  INFO 27652 --- [           main] o.s.t.web.servlet.TestDispatcherServlet  : Initializing Servlet ''
2026-05-20T00:13:23.558+02:00  INFO 27652 --- [           main] o.s.t.web.servlet.TestDispatcherServlet  : Completed initialization in 0 ms
2026-05-20T00:13:23.576+02:00  INFO 27652 --- [           main] c.tempolux.catalog.WatchControllerTest   : Started WatchControllerTest in 0.933 seconds (process running for 1.573)
]]></system-out>
    <system-err><![CDATA[WARNING: A Java agent has been loaded dynamically (C:\Users\Adrian\.m2\repository\net\bytebuddy\byte-buddy-agent\1.14.19\byte-buddy-agent-1.14.19.jar)
WARNING: If a serviceability tool is in use, please run with -XX:+EnableDynamicAgentLoading to hide this warning
WARNING: If a serviceability tool is not in use, please run with -Djdk.instrument.traceUsage for more information
WARNING: Dynamic loading of agents will be disallowed by default in a future release
]]></system-err>
  </testcase>
  <testcase name="returnsNotFoundForUnknownSlug" classname="com.tempolux.catalog.WatchControllerTest" time="0.016"/>
  <testcase name="returnsAWatchBySlug" classname="com.tempolux.catalog.WatchControllerTest" time="0.005"/>
</testsuite>